<?xml version="1.0" encoding="UTF-8"?>
<!-- Generated by org.testng.reporters.JUnitXMLReporter -->
<testsuite ignored="0" hostname="LTIN486643" failures="0" tests="4" name="Test" time="0.124" errors="0" timestamp="2024-04-01T10:22:46 IST">
  <testcase classname="testBase.baseClass" name="@BeforeClass setup" time="-1.711947166095E9">
    <failure type="org.testng.TestNGException" message="
Parameter &amp;apos;browser&amp;apos; is required by BeforeClass on method setup but has not been marked @Optional or defined
in C:\Users\2318295\eclipse-workspace\cas_project\testng.xml">
      <![CDATA[org.testng.TestNGException: 
Parameter 'browser' is required by BeforeClass on method setup but has not been marked @Optional or defined
in C:\Users\2318295\eclipse-workspace\cas_project\testng.xml
at java.base/java.util.ArrayList.forEach(ArrayList.java:1511)
... Removed 22 stack frames]]>
    </failure>
  </testcase> <!-- @BeforeClass setup -->
  <testcase classname="testBase.baseClass" name="@AfterClass teardown" time="0.0">
    <skipped/>
  </testcase> <!-- @AfterClass teardown -->
  <testcase classname="testCase.TC_001_AroundCognizant" name="verifyAcc" time="0.0">
    <skipped/>
  </testcase> <!-- verifyAcc -->
  <testcase classname="testCase.TC_001_AroundCognizant" name="verifyAroundCognizant" time="0.0">
    <skipped/>
  </testcase> <!-- verifyAroundCognizant -->
  <testcase classname="testCase.TC_001_AroundCognizant" name="seeAll" time="0.0">
    <skipped/>
  </testcase> <!-- seeAll -->
  <testcase classname="testCase.TC_001_AroundCognizant" name="newsDetails" time="0.0">
    <skipped/>
  </testcase> <!-- newsDetails -->
</testsuite> <!-- Test -->
